0 info it worked if it ends with ok
1 verbose cli [ 'E:\\node.js\\node.exe',
1 verbose cli   'E:\\node.js\\node_modules\\npm\\bin\\npm-cli.js',
1 verbose cli   'start' ]
2 info using npm@3.10.8
3 info using node@v6.9.1
4 verbose run-script [ 'prestart', 'start', 'poststart' ]
5 info lifecycle push@1.0.0~prestart: push@1.0.0
6 silly lifecycle push@1.0.0~prestart: no script for prestart, continuing
7 info lifecycle push@1.0.0~start: push@1.0.0
8 verbose lifecycle push@1.0.0~start: unsafe-perm in lifecycle true
9 verbose lifecycle push@1.0.0~start: PATH: E:\node.js\node_modules\npm\bin\node-gyp-bin;C:\Users\huxin\Desktop\vue\push\node_modules\.bin;C:\Program Files (x86)\Intel\iCLS Client\;C:\Program Files\Intel\iCLS Client\;C:\Windows\system32;C:\Windows;C:\Windows\System32\Wbem;C:\Windows\System32\WindowsPowerShell\v1.0\;c:\Program Files (x86)\ATI Technologies\ATI.ACE\Core-Static;C:\Program Files (x86)\Intel\Intel(R) Management Engine Components\DAL;C:\Program Files\Intel\Intel(R) Management Engine Components\DAL;C:\Program Files (x86)\Intel\Intel(R) Management Engine Components\IPT;C:\Program Files\Intel\Intel(R) Management Engine Components\IPT;C:\Program Files\Intel\WiFi\bin\;C:\Program Files\Common Files\Intel\WirelessCommon\;C:\Program Files\Microsoft\Web Platform Installer\;C:\Program Files (x86)\Microsoft ASP.NET\ASP.NET Web Pages\v1.0\;C:\Program Files\Microsoft SQL Server\110\Tools\Binn\;C:\Program Files (x86)\Windows Kits\8.0\Windows Performance Toolkit\;E:\SVN\bin;E:\node.js\;E:\Git\cmd;C:\Users\huxin\AppData\Roaming\npm;E:\AppServ\Apache2.2\bin;E:\AppServ\php5;E:\AppServ\MySQL\bin;E:\Microsoft VS Code\bin
10 verbose lifecycle push@1.0.0~start: CWD: C:\Users\huxin\Desktop\vue\push
11 silly lifecycle push@1.0.0~start: Args: [ '/d /s /c',
11 silly lifecycle   'webpack-dev-server --config webpack.dev.js --open' ]
12 silly lifecycle push@1.0.0~start: Returned: code: 3221225786  signal: null
13 info lifecycle push@1.0.0~start: Failed to exec start script
14 verbose stack Error: push@1.0.0 start: `webpack-dev-server --config webpack.dev.js --open`
14 verbose stack Exit status 3221225786
14 verbose stack     at EventEmitter.<anonymous> (E:\node.js\node_modules\npm\lib\utils\lifecycle.js:255:16)
14 verbose stack     at emitTwo (events.js:106:13)
14 verbose stack     at EventEmitter.emit (events.js:191:7)
14 verbose stack     at ChildProcess.<anonymous> (E:\node.js\node_modules\npm\lib\utils\spawn.js:40:14)
14 verbose stack     at emitTwo (events.js:106:13)
14 verbose stack     at ChildProcess.emit (events.js:191:7)
14 verbose stack     at maybeClose (internal/child_process.js:877:16)
14 verbose stack     at Process.ChildProcess._handle.onexit (internal/child_process.js:226:5)
15 verbose pkgid push@1.0.0
16 verbose cwd C:\Users\huxin\Desktop\vue\push
17 error Windows_NT 10.0.10240
18 error argv "E:\\node.js\\node.exe" "E:\\node.js\\node_modules\\npm\\bin\\npm-cli.js" "start"
19 error node v6.9.1
20 error npm  v3.10.8
21 error code ELIFECYCLE
22 error push@1.0.0 start: `webpack-dev-server --config webpack.dev.js --open`
22 error Exit status 3221225786
23 error Failed at the push@1.0.0 start script 'webpack-dev-server --config webpack.dev.js --open'.
23 error Make sure you have the latest version of node.js and npm installed.
23 error If you do, this is most likely a problem with the push package,
23 error not with npm itself.
23 error Tell the author that this fails on your system:
23 error     webpack-dev-server --config webpack.dev.js --open
23 error You can get information on how to open an issue for this project with:
23 error     npm bugs push
23 error Or if that isn't available, you can get their info via:
23 error     npm owner ls push
23 error There is likely additional logging output above.
24 verbose exit [ 1, true ]
